PushSDK/build/outputs/logs/manifest-merger-debug-report.txt
-- Merging decision tree log ---
manifest
ADDED from BlueGrass1\PushSDK\AndroidManifest.xml:2:1-164:12
INJECTED from BlueGrass1\PushSDK\AndroidManifest.xml:2:1-164:12
INJECTED from BlueGrass1\PushSDK\AndroidManifest.xml:2:1-164:12
INJECTED from BlueGrass1\PushSDK\AndroidManifest.xml:2:1-164:12
INJECTED from BlueGrass1\PushSDK\AndroidManifest.xml:2:1-164:12
INJECTED from BlueGrass1\PushSDK\AndroidManifest.xml:2:1-164:12
INJECTED from BlueGrass1\PushSDK\AndroidManifest.xml:2:1-164:12
	package
		ADDED from BlueGrass1\PushSDK\AndroidManifest.xml:3:5-36
		INJECTED from BlueGrass1\PushSDK\AndroidManifest.xml
		INJECTED from BlueGrass1\PushSDK\AndroidManifest.xml
	android:versionName
		ADDED from BlueGrass1\PushSDK\AndroidManifest.xml:5:5-30
		INJECTED from BlueGrass1\PushSDK\AndroidManifest.xml
		INJECTED from BlueGrass1\PushSDK\AndroidManifest.xml
	xmlns:android
		ADDED from BlueGrass1\PushSDK\AndroidManifest.xml:2:11-69
	android:versionCode
		ADDED from BlueGrass1\PushSDK\AndroidManifest.xml:4:5-28
		INJECTED from BlueGrass1\PushSDK\AndroidManifest.xml
		INJECTED from BlueGrass1\PushSDK\AndroidManifest.xml
uses-permission#android.permission.INTERNET
ADDED from BlueGrass1\PushSDK\AndroidManifest.xml:8:5-67
	android:name
		ADDED from BlueGrass1\PushSDK\AndroidManifest.xml:8:22-64
uses-permission#android.permission.ACCESS_NETWORK_STATE
ADDED from BlueGrass1\PushSDK\AndroidManifest.xml:9:5-79
	android:name
		ADDED from BlueGrass1\PushSDK\AndroidManifest.xml:9:22-76
uses-permission#android.permission.ACCESS_WIFI_STATE
ADDED from BlueGrass1\PushSDK\AndroidManifest.xml:10:5-76
	android:name
		ADDED from BlueGrass1\PushSDK\AndroidManifest.xml:10:22-73
uses-permission#android.permission.WRITE_EXTERNAL_STORAGE
ADDED from BlueGrass1\PushSDK\AndroidManifest.xml:11:5-81
	android:name
		ADDED from BlueGrass1\PushSDK\AndroidManifest.xml:11:22-78
uses-permission#android.permission.WAKE_LOCK
ADDED from BlueGrass1\PushSDK\AndroidManifest.xml:12:5-68
	android:name
		ADDED from BlueGrass1\PushSDK\AndroidManifest.xml:12:22-65
uses-permission#android.permission.READ_PHONE_STATE
ADDED from BlueGrass1\PushSDK\AndroidManifest.xml:13:5-75
	android:name
		ADDED from BlueGrass1\PushSDK\AndroidManifest.xml:13:22-72
uses-permission#android.permission.BROADCAST_PACKAGE_ADDED
ADDED from BlueGrass1\PushSDK\AndroidManifest.xml:14:5-82
	android:name
		ADDED from BlueGrass1\PushSDK\AndroidManifest.xml:14:22-79
uses-permission#android.permission.BROADCAST_PACKAGE_CHANGED
ADDED from BlueGrass1\PushSDK\AndroidManifest.xml:15:5-84
	android:name
		ADDED from BlueGrass1\PushSDK\AndroidManifest.xml:15:22-81
uses-permission#android.permission.BROADCAST_PACKAGE_INSTALL
ADDED from BlueGrass1\PushSDK\AndroidManifest.xml:16:5-84
	android:name
		ADDED from BlueGrass1\PushSDK\AndroidManifest.xml:16:22-81
uses-permission#android.permission.BROADCAST_PACKAGE_REPLACED
ADDED from BlueGrass1\PushSDK\AndroidManifest.xml:17:5-85
	android:name
		ADDED from BlueGrass1\PushSDK\AndroidManifest.xml:17:22-82
uses-permission#android.permission.RESTART_PACKAGES
ADDED from BlueGrass1\PushSDK\AndroidManifest.xml:18:5-75
	android:name
		ADDED from BlueGrass1\PushSDK\AndroidManifest.xml:18:22-72
uses-permission#android.permission.GET_TASKS
ADDED from BlueGrass1\PushSDK\AndroidManifest.xml:19:5-68
	android:name
		ADDED from BlueGrass1\PushSDK\AndroidManifest.xml:19:22-65
uses-permission#android.permission.RECEIVE_BOOT_COMPLETED
ADDED from BlueGrass1\PushSDK\AndroidManifest.xml:20:5-81
	android:name
		ADDED from BlueGrass1\PushSDK\AndroidManifest.xml:20:22-78
uses-permission#android.permission.CHANGE_NETWORK_STATE
ADDED from BlueGrass1\PushSDK\AndroidManifest.xml:21:5-79
	android:name
		ADDED from BlueGrass1\PushSDK\AndroidManifest.xml:21:22-76
uses-permission#android.permission.CHANGE_WIFI_STATE
ADDED from BlueGrass1\PushSDK\AndroidManifest.xml:22:5-76
	android:name
		ADDED from BlueGrass1\PushSDK\AndroidManifest.xml:22:22-73
application
ADDED from BlueGrass1\PushSDK\AndroidManifest.xml:24:5-162:19
service#com.taobao.accs.ChannelService
ADDED from BlueGrass1\PushSDK\AndroidManifest.xml:26:9-36:19
	android:process
		ADDED from BlueGrass1\PushSDK\AndroidManifest.xml:29:13-39
	android:exported
		ADDED from BlueGrass1\PushSDK\AndroidManifest.xml:28:13-36
	android:name
		ADDED from BlueGrass1\PushSDK\AndroidManifest.xml:27:13-58
intent-filter#action:name:com.taobao.accs.intent.action.SERVICE
ADDED from BlueGrass1\PushSDK\AndroidManifest.xml:30:13-32:29
action#com.taobao.accs.intent.action.SERVICE
ADDED from BlueGrass1\PushSDK\AndroidManifest.xml:31:17-80
	android:name
		ADDED from BlueGrass1\PushSDK\AndroidManifest.xml:31:25-77
intent-filter#action:name:com.taobao.accs.intent.action.ELECTION
ADDED from BlueGrass1\PushSDK\AndroidManifest.xml:33:13-35:29
action#com.taobao.accs.intent.action.ELECTION
ADDED from BlueGrass1\PushSDK\AndroidManifest.xml:34:17-81
	android:name
		ADDED from BlueGrass1\PushSDK\AndroidManifest.xml:34:25-78
service#com.taobao.accs.data.MsgDistributeService
ADDED from BlueGrass1\PushSDK\AndroidManifest.xml:38:9-44:19
	android:exported
		ADDED from BlueGrass1\PushSDK\AndroidManifest.xml:40:13-36
	android:name
		ADDED from BlueGrass1\PushSDK\AndroidManifest.xml:39:13-69
intent-filter#action:name:com.taobao.accs.intent.action.RECEIVE
ADDED from BlueGrass1\PushSDK\AndroidManifest.xml:41:13-43:29
action#com.taobao.accs.intent.action.RECEIVE
ADDED from BlueGrass1\PushSDK\AndroidManifest.xml:42:17-80
	android:name
		ADDED from BlueGrass1\PushSDK\AndroidManifest.xml:42:25-77
receiver#com.taobao.accs.EventReceiver
ADDED from BlueGrass1\PushSDK\AndroidManifest.xml:46:9-62:20
	android:process
		ADDED from BlueGrass1\PushSDK\AndroidManifest.xml:48:13-39
	android:name
		ADDED from BlueGrass1\PushSDK\AndroidManifest.xml:47:13-57
intent-filter#action:name:android.intent.action.BOOT_COMPLETED
ADDED from BlueGrass1\PushSDK\AndroidManifest.xml:49:13-51:29
action#android.intent.action.BOOT_COMPLETED
ADDED from BlueGrass1\PushSDK\AndroidManifest.xml:50:17-79
	android:name
		ADDED from BlueGrass1\PushSDK\AndroidManifest.xml:50:25-76
intent-filter#action:name:android.net.conn.CONNECTIVITY_CHANGE
ADDED from BlueGrass1\PushSDK\AndroidManifest.xml:52:13-54:29
action#android.net.conn.CONNECTIVITY_CHANGE
ADDED from BlueGrass1\PushSDK\AndroidManifest.xml:53:17-79
	android:name
		ADDED from BlueGrass1\PushSDK\AndroidManifest.xml:53:25-76
intent-filter#action:name:android.intent.action.PACKAGE_REMOVED+data:scheme:package
ADDED from BlueGrass1\PushSDK\AndroidManifest.xml:55:13-58:29
action#android.intent.action.PACKAGE_REMOVED
ADDED from BlueGrass1\PushSDK\AndroidManifest.xml:56:17-80
	android:name
		ADDED from BlueGrass1\PushSDK\AndroidManifest.xml:56:25-77
data
ADDED from BlueGrass1\PushSDK\AndroidManifest.xml:57:17-50
	android:scheme
		ADDED from BlueGrass1\PushSDK\AndroidManifest.xml:57:23-47
intent-filter#action:name:android.intent.action.USER_PRESENT
ADDED from BlueGrass1\PushSDK\AndroidManifest.xml:59:13-61:29
action#android.intent.action.USER_PRESENT
ADDED from BlueGrass1\PushSDK\AndroidManifest.xml:60:17-77
	android:name
		ADDED from BlueGrass1\PushSDK\AndroidManifest.xml:60:25-74
receiver#com.taobao.accs.ServiceReceiver
ADDED from BlueGrass1\PushSDK\AndroidManifest.xml:64:9-73:20
	android:process
		ADDED from BlueGrass1\PushSDK\AndroidManifest.xml:66:13-39
	android:name
		ADDED from BlueGrass1\PushSDK\AndroidManifest.xml:65:13-59
intent-filter#action:name:com.taobao.accs.intent.action.COMMAND
ADDED from BlueGrass1\PushSDK\AndroidManifest.xml:67:13-69:29
action#com.taobao.accs.intent.action.COMMAND
ADDED from BlueGrass1\PushSDK\AndroidManifest.xml:68:17-80
	android:name
		ADDED from BlueGrass1\PushSDK\AndroidManifest.xml:68:25-77
intent-filter#action:name:com.taobao.accs.intent.action.START_FROM_AGOO
ADDED from BlueGrass1\PushSDK\AndroidManifest.xml:70:13-72:29
action#com.taobao.accs.intent.action.START_FROM_AGOO
ADDED from BlueGrass1\PushSDK\AndroidManifest.xml:71:17-88
	android:name
		ADDED from BlueGrass1\PushSDK\AndroidManifest.xml:71:25-85
service#com.taobao.accs.internal.AccsJobService
ADDED from BlueGrass1\PushSDK\AndroidManifest.xml:74:9-77:41
	android:process
		ADDED from BlueGrass1\PushSDK\AndroidManifest.xml:77:13-39
	android:permission
		ADDED from BlueGrass1\PushSDK\AndroidManifest.xml:76:13-69
	android:name
		ADDED from BlueGrass1\PushSDK\AndroidManifest.xml:75:13-67
service#com.taobao.accs.ChannelService$KernelService
ADDED from BlueGrass1\PushSDK\AndroidManifest.xml:78:9-80:42
	android:process
		ADDED from BlueGrass1\PushSDK\AndroidManifest.xml:80:13-39
	android:name
		ADDED from BlueGrass1\PushSDK\AndroidManifest.xml:79:13-72
service#org.android.agoo.accs.AgooService
ADDED from BlueGrass1\PushSDK\AndroidManifest.xml:82:9-88:19
	android:exported
		ADDED from BlueGrass1\PushSDK\AndroidManifest.xml:84:13-36
	android:name
		ADDED from BlueGrass1\PushSDK\AndroidManifest.xml:83:13-61
service#com.umeng.message.UmengIntentService
ADDED from BlueGrass1\PushSDK\AndroidManifest.xml:90:9-97:19
	android:process
		ADDED from BlueGrass1\PushSDK\AndroidManifest.xml:93:13-39
	android:exported
		ADDED from BlueGrass1\PushSDK\AndroidManifest.xml:92:13-36
	android:name
		ADDED from BlueGrass1\PushSDK\AndroidManifest.xml:91:13-64
intent-filter#action:name:org.agoo.android.intent.action.RECEIVE
ADDED from BlueGrass1\PushSDK\AndroidManifest.xml:94:13-96:29
action#org.agoo.android.intent.action.RECEIVE
ADDED from BlueGrass1\PushSDK\AndroidManifest.xml:95:17-81
	android:name
		ADDED from BlueGrass1\PushSDK\AndroidManifest.xml:95:25-78
service#com.umeng.message.XiaomiIntentService
ADDED from BlueGrass1\PushSDK\AndroidManifest.xml:99:9-106:19
	android:process
		ADDED from BlueGrass1\PushSDK\AndroidManifest.xml:102:13-39
	android:exported
		ADDED from BlueGrass1\PushSDK\AndroidManifest.xml:101:13-36
	android:name
		ADDED from BlueGrass1\PushSDK\AndroidManifest.xml:100:13-65
receiver#com.taobao.agoo.AgooCommondReceiver
ADDED from BlueGrass1\PushSDK\AndroidManifest.xml:108:9-119:20
	android:process
		ADDED from BlueGrass1\PushSDK\AndroidManifest.xml:111:13-39
	android:exported
		ADDED from BlueGrass1\PushSDK\AndroidManifest.xml:110:13-36
	android:name
		ADDED from BlueGrass1\PushSDK\AndroidManifest.xml:109:13-63
intent-filter#action:name:${applicationId}.intent.action.COMMAND
ADDED from BlueGrass1\PushSDK\AndroidManifest.xml:112:13-114:29
action#${applicationId}.intent.action.COMMAND
ADDED from BlueGrass1\PushSDK\AndroidManifest.xml:113:17-81
	android:name
		ADDED from BlueGrass1\PushSDK\AndroidManifest.xml:113:25-78
service#com.umeng.message.UmengMessageIntentReceiverService
ADDED from BlueGrass1\PushSDK\AndroidManifest.xml:121:9-128:19
	android:process
		ADDED from BlueGrass1\PushSDK\AndroidManifest.xml:124:13-39
	android:exported
		ADDED from BlueGrass1\PushSDK\AndroidManifest.xml:123:13-36
	android:name
		ADDED from BlueGrass1\PushSDK\AndroidManifest.xml:122:13-79
intent-filter#action:name:org.android.agoo.client.MessageReceiverService
ADDED from BlueGrass1\PushSDK\AndroidManifest.xml:125:13-127:29
action#org.android.agoo.client.MessageReceiverService
ADDED from BlueGrass1\PushSDK\AndroidManifest.xml:126:17-89
	android:name
		ADDED from BlueGrass1\PushSDK\AndroidManifest.xml:126:25-86
receiver#com.umeng.message.NotificationProxyBroadcastReceiver
ADDED from BlueGrass1\PushSDK\AndroidManifest.xml:130:9-132:40
	android:exported
		ADDED from BlueGrass1\PushSDK\AndroidManifest.xml:132:13-37
	android:name
		ADDED from BlueGrass1\PushSDK\AndroidManifest.xml:131:13-80
service#com.umeng.message.UmengMessageCallbackHandlerService
ADDED from BlueGrass1\PushSDK\AndroidManifest.xml:134:9-149:19
	android:exported
		ADDED from BlueGrass1\PushSDK\AndroidManifest.xml:136:13-37
	android:name
		ADDED from BlueGrass1\PushSDK\AndroidManifest.xml:135:13-80
intent-filter#action:name:com.umeng.messge.registercallback.action
ADDED from BlueGrass1\PushSDK\AndroidManifest.xml:137:13-139:29
action#com.umeng.messge.registercallback.action
ADDED from BlueGrass1\PushSDK\AndroidManifest.xml:138:17-83
	android:name
		ADDED from BlueGrass1\PushSDK\AndroidManifest.xml:138:25-80
intent-filter#action:name:com.umeng.message.enablecallback.action
ADDED from BlueGrass1\PushSDK\AndroidManifest.xml:140:13-142:29
action#com.umeng.message.enablecallback.action
ADDED from BlueGrass1\PushSDK\AndroidManifest.xml:141:17-82
	android:name
		ADDED from BlueGrass1\PushSDK\AndroidManifest.xml:141:25-79
intent-filter#action:name:com.umeng.message.disablecallback.action
ADDED from BlueGrass1\PushSDK\AndroidManifest.xml:143:13-145:29
action#com.umeng.message.disablecallback.action
ADDED from BlueGrass1\PushSDK\AndroidManifest.xml:144:17-83
	android:name
		ADDED from BlueGrass1\PushSDK\AndroidManifest.xml:144:25-80
intent-filter#action:name:com.umeng.message.message.handler.action
ADDED from BlueGrass1\PushSDK\AndroidManifest.xml:146:13-148:29
action#com.umeng.message.message.handler.action
ADDED from BlueGrass1\PushSDK\AndroidManifest.xml:147:17-83
	android:name
		ADDED from BlueGrass1\PushSDK\AndroidManifest.xml:147:25-80
service#com.umeng.message.UmengDownloadResourceService
ADDED from BlueGrass1\PushSDK\AndroidManifest.xml:151:9-153:40
	android:exported
		ADDED from BlueGrass1\PushSDK\AndroidManifest.xml:153:13-37
	android:name
		ADDED from BlueGrass1\PushSDK\AndroidManifest.xml:152:13-74
provider#com.umeng.message.provider.MessageProvider
ADDED from BlueGrass1\PushSDK\AndroidManifest.xml:155:9-160:20
	android:authorities
		ADDED from BlueGrass1\PushSDK\AndroidManifest.xml:157:13-65
	android:exported
		ADDED from BlueGrass1\PushSDK\AndroidManifest.xml:158:13-37
	android:name
		ADDED from BlueGrass1\PushSDK\AndroidManifest.xml:156:13-70
grant-uri-permission
ADDED from BlueGrass1\PushSDK\AndroidManifest.xml:159:13-62
	android:pathPattern
		ADDED from BlueGrass1\PushSDK\AndroidManifest.xml:159:35-59
uses-sdk
INJECTED from BlueGrass1\PushSDK\AndroidManifest.xml reason: use-sdk injection requested
INJECTED from BlueGrass1\PushSDK\AndroidManifest.xml
INJECTED from BlueGrass1\PushSDK\AndroidManifest.xml
INJECTED from BlueGrass1\PushSDK\AndroidManifest.xml
INJECTED from BlueGrass1\PushSDK\AndroidManifest.xml
	android:targetSdkVersion
		INJECTED from BlueGrass1\PushSDK\AndroidManifest.xml
		ADDED from BlueGrass1\PushSDK\AndroidManifest.xml
		INJECTED from BlueGrass1\PushSDK\AndroidManifest.xml
	android:minSdkVersion
		INJECTED from BlueGrass1\PushSDK\AndroidManifest.xml
		ADDED from BlueGrass1\PushSDK\AndroidManifest.xml
		INJECTED from BlueGrass1\PushSDK\AndroidManifest.xml